<?xml version='1.0' encoding='UTF-8'?>
<testsuite hostname="DESKTOP-LFGDGOH" name="com.knoldus.FactorialAndPalindrome.Factorial.validator.FactorialValidatorTest" tests="2" errors="0" failures="0" skipped="0" time="0.003" timestamp="2021-01-31T00:54:12">
                     <properties>
      <property name="awt.toolkit" value="sun.awt.windows.WToolkit"/><property name="java.specification.version" value="11"/><property name="sun.cpu.isalist" value="amd64"/><property name="sun.jnu.encoding" value="Cp1252"/><property name="sun.arch.data.model" value="64"/><property name="sbt.supershell" value="false"/><property name="java.vendor.url" value="https://openjdk.java.net/"/><property name="sun.boot.library.path" value="C:\Program Files\Java\jdk-11.0.9\bin"/><property name="sun.java.command" value="C:\Users\Acer\AppData\Roaming\JetBrains\IntelliJIdea2020.3\plugins\Scala\launcher\sbt-launch.jar early(addPluginSbtFile=&quot;&quot;&quot;C:\Users\Acer\AppData\Local\Temp\idea.sbt&quot;&quot;&quot;) ; set ideaPort in Global := 61116 ; idea-shell"/><property name="jdk.debug" value="release"/><property name="sun.stderr.encoding" value="cp437"/><property name="java.specification.vendor" value="Oracle Corporation"/><property name="java.version.date" value="2020-10-20"/><property name="java.home" value="C:\Program Files\Java\jdk-11.0.9"/><property name="file.separator" value="\"/><property name="java.vm.compressedOopsMode" value="32-bit"/><property name="line.separator" value="
"/><property name="sun.stdout.encoding" value="cp437"/><property name="java.specification.name" value="Java Platform API Specification"/><property name="java.vm.specification.vendor" value="Oracle Corporation"/><property name="user.script" value=""/><property name="sun.management.compiler" value="HotSpot 64-Bit Tiered Compilers"/><property name="java.runtime.version" value="11.0.9+7-LTS"/><property name="user.name" value="Acer"/><property name="log4j.ignoreTCL" value="true"/><property name="file.encoding" value="UTF-8"/><property name="jnidispatch.path" value="C:\Users\Acer\AppData\Local\Temp\jna-2034799\jna12527213554754591967.dll"/><property name="java.vendor.version" value="18.9"/><property name="jna.loaded" value="true"/><property name="java.io.tmpdir" value="C:\Users\Acer\AppData\Local\Temp\"/><property name="java.version" value="11.0.9"/><property name="java.vm.specification.name" value="Java Virtual Machine Specification"/><property name="java.awt.printerjob" value="sun.awt.windows.WPrinterJob"/><property name="sun.os.patch.level" value=""/><property name="java.library.path" value="C:\Program Files\Java\jdk-11.0.9\bin;C:\Windows\Sun\Java\bin;C:\Windows\system32;C:\Windows;C:\Program Files\Common Files\Oracle\Java\javapath;C:\Users\Acer\anaconda3\condabin;C:\Windows\system32;C:\Windows;C:\Windows\System32\Wbem;C:\Windows\System32\WindowsPowerShell\v1.0\;C:\Windows\System32\OpenSSH\;C:\Users\Acer\AppData\Roaming\Microsoft\Windows\Start Menu\Programs\Python 3.7;C:\Users\Acer\anaconda3;C:\Users\Acer\anaconda3\Library\mingw-w64\bin;C:\Users\Acer\anaconda3\Library\usr\bin;C:\Users\Acer\anaconda3\Library\bin;C:\Users\Acer\anaconda3\Scripts;C:\Users\Acer\AppData\Local\Microsoft\WindowsApps;C:\Program Files\JetBrains\PyCharm Community Edition 2019.2.1\bin;C:\adb;C:\Program Files (x86)\sbt\bin;C:\Program Files\Java\jdk-11.0.9\bin;C:\Program Files\apache-maven-3.6.3\bin;D:\Git\cmd;C:\Users\Acer\Downloads\spring-2.3.3.RELEASE\bin;C:\Users\Acer\anaconda3;C:\Users\Acer\anaconda3\Library\mingw-w64\bin;C:\Users\Acer\anaconda3\Library\usr\bin;C:\Users\Acer\anaconda3\Library\bin;C:\Users\Acer\anaconda3\Scripts;C:\Users\Acer\AppData\Local\Microsoft\WindowsApps;C:\Program Files\JetBrains\PyCharm Community Edition 2019.2.1\bin;;C:\Program Files\JetBrains\IntelliJ IDEA 2020.3.1\bin;;."/><property name="java.vendor" value="Oracle Corporation"/><property name="sun.io.unicode.encoding" value="UnicodeLittle"/><property name="sun.desktop" value="windows"/><property name="java.class.path" value="C:\Users\Acer\AppData\Roaming\JetBrains\IntelliJIdea2020.3\plugins\Scala\launcher\sbt-launch.jar"/><property name="java.vm.vendor" value="Oracle Corporation"/><property name="user.variant" value=""/><property name="jline.shutdownhook" value="false"/><property name="user.timezone" value="Asia/Calcutta"/><property name="os.name" value="Windows 10"/><property name="java.vm.specification.version" value="11"/><property name="sun.java.launcher" value="SUN_STANDARD"/><property name="user.country" value="US"/><property name="sun.cpu.endian" value="little"/><property name="user.home" value="C:\Users\Acer"/><property name="user.language" value="en"/><property name="swoval.tmpdir" value="C:\Users\Acer\.sbt\1.0"/><property name="java.awt.graphicsenv" value="sun.awt.Win32GraphicsEnvironment"/><property name="jline.esc.timeout" value="0"/><property name="path.separator" value=";"/><property name="os.version" value="10.0"/><property name="jna.nosys" value="true"/><property name="java.runtime.name" value="Java(TM) SE Runtime Environment"/><property name="sbt.log.noformat" value="true"/><property name="java.vm.name" value="Java HotSpot(TM) 64-Bit Server VM"/><property name="java.vendor.url.bug" value="https://bugreport.java.com/bugreport/"/><property name="user.dir" value="C:\Users\Acer\IdeaProjects\UT-IT-Group2"/><property name="os.arch" value="amd64"/><property name="idea.managed" value="true"/><property name="java.vm.info" value="mixed mode"/><property name="java.vm.version" value="11.0.9+7-LTS"/><property name="java.class.version" value="55.0"/>
    </properties>
                     <testcase classname="com.knoldus.FactorialAndPalindrome.Factorial.validator.FactorialValidatorTest" name="Number should is correct" time="0.002">
                                                 
                                               </testcase><testcase classname="com.knoldus.FactorialAndPalindrome.Factorial.validator.FactorialValidatorTest" name="Number should be positive, you entered negative number" time="0.001">
                                                 
                                               </testcase>
                     <system-out><![CDATA[]]></system-out>
                     <system-err><![CDATA[]]></system-err>
                   </testsuite>